<?xml version="1.0" encoding="UTF-8"?>
<!-- Generated by org.testng.reporters.JUnitXMLReporter -->
<testsuite hostname="MUMW7L082" name="Default test" tests="1" failures="0" timestamp="7 Feb 2017 08:53:36 GMT" time="0.048" errors="0">
  <testcase name="@BeforeTest startWebDriver" time="0.0" classname="com.lrn.cat.tc.LoginTC">
    <failure type="org.testng.TestNGException" message="
Parameter &amp;apos;browser&amp;apos; is required by @Configuration on method startWebDriver but has not been marked @Optional or defined
in C:\Users\megha.thombre\AppData\Local\Temp\testng-eclipse-1134310755\testng-customsuite.xml">
      <![CDATA[org.testng.TestNGException: 
Parameter 'browser' is required by @Configuration on method startWebDriver but has not been marked @Optional or defined
in C:\Users\megha.thombre\AppData\Local\Temp\testng-eclipse-1134310755\testng-customsuite.xml
	at org.testng.internal.Parameters.createParameters(Parameters.java:155)
	at org.testng.internal.Parameters.createParameters(Parameters.java:358)
	at org.testng.internal.Parameters.createConfigurationParameters(Parameters.java:86)
	at org.testng.internal.Invoker.invokeConfigurations(Invoker.java:199)
	at org.testng.internal.Invoker.invokeConfigurations(Invoker.java:138)
	at org.testng.TestRunner.beforeRun(TestRunner.java:641)
	at org.testng.TestRunner.run(TestRunner.java:609)
	at org.testng.SuiteRunner.runTest(SuiteRunner.java:334)
	at org.testng.SuiteRunner.runSequentially(SuiteRunner.java:329)
	at org.testng.SuiteRunner.privateRun(SuiteRunner.java:291)
	at org.testng.SuiteRunner.run(SuiteRunner.java:240)
	at org.testng.SuiteRunnerWorker.runSuite(SuiteRunnerWorker.java:52)
	at org.testng.SuiteRunnerWorker.run(SuiteRunnerWorker.java:86)
	at org.testng.TestNG.runSuitesSequentially(TestNG.java:1224)
	at org.testng.TestNG.runSuitesLocally(TestNG.java:1149)
	at org.testng.TestNG.run(TestNG.java:1057)
	at org.testng.remote.RemoteTestNG.run(RemoteTestNG.java:111)
	at org.testng.remote.RemoteTestNG.initAndRun(RemoteTestNG.java:204)
	at org.testng.remote.RemoteTestNG.main(RemoteTestNG.java:175)
]]>
    </failure>
  </testcase> <!-- @BeforeTest startWebDriver -->
  <testcase name="@AfterMethod updateResult" time="0.0" classname="com.lrn.cat.tc.LoginTC">
    <skipped/>
  </testcase> <!-- @AfterMethod updateResult -->
  <testcase name="@AfterTest endClass" time="0.0" classname="com.lrn.cat.tc.LoginTC">
    <skipped/>
  </testcase> <!-- @AfterTest endClass -->
  <testcase name="CatLogicTC" time="0.0" classname="com.lrn.cat.tc.LoginTC">
    <skipped/>
  </testcase> <!-- CatLogicTC -->
</testsuite> <!-- Default test -->
