<?xml version="1.0" encoding="UTF-8"?>
<!-- Generated by org.testng.reporters.JUnitXMLReporter -->
<testsuite hostname="WW7L4117" name="SanityCheck" tests="59" failures="2" timestamp="10 Jul 2017 22:28:20 GMT" time="6951.358" errors="0">
  <testcase name="CatLogicTC" time="10.112" classname="com.lrn.cat.tc.LoginTC"/>
  <testcase name="CatCreateCourseTC" time="26.904" classname="com.lrn.cat.tc.CreateCourseTC"/>
  <testcase name="CatAddLesson" time="12.814" classname="com.lrn.cat.tc.AddLessonTC"/>
  <testcase name="CatAddTopic" time="7.149" classname="com.lrn.cat.tc.AddTopicTC"/>
  <testcase name="CatAddPage" time="14.721" classname="com.lrn.cat.tc.AddPageTC"/>
  <testcase name="CatEditConcerntTemplateTC" time="243.297" classname="com.lrn.cat.tc.EditConcernTemplateTC"/>
  <testcase name="CatAddPage" time="14.948" classname="com.lrn.cat.tc.AddPageTC1"/>
  <testcase name="CatEditConsentTemplate" time="169.648" classname="com.lrn.cat.tc.EditConsentTemplateTC"/>
  <testcase name="CatAddPage" time="14.818" classname="com.lrn.cat.tc.AddPageTC2"/>
  <testcase name="CatEditSAQ" time="303.077" classname="com.lrn.cat.tc.EditSAQTC"/>
  <testcase name="CatAddLesson" time="13.018" classname="com.lrn.cat.tc.AddLessonTC1"/>
  <testcase name="CatAddTopic" time="7.33" classname="com.lrn.cat.tc.AddTopicTC1"/>
  <testcase name="CatAddPage" time="14.817" classname="com.lrn.cat.tc.AddPageTC3"/>
  <testcase name="CatEditTextTemplate" time="122.985" classname="com.lrn.cat.tc.EditTextTemplateTC"/>
  <testcase name="CatAddPage" time="14.861" classname="com.lrn.cat.tc.AddPageTC4"/>
  <testcase name="CatEditBinaryTemplate" time="188.577" classname="com.lrn.cat.tc.EditBinaryTemplateTC"/>
  <testcase name="CatAddPage" time="14.847" classname="com.lrn.cat.tc.AddPageTC5"/>
  <testcase name="CatEditCarouselTemplate" time="256.616" classname="com.lrn.cat.tc.EditCarouselTemplateTC"/>
  <testcase name="CatAddTopic" time="8.018" classname="com.lrn.cat.tc.AddTopicTC2"/>
  <testcase name="CatAddPage" time="14.836" classname="com.lrn.cat.tc.AddPageTC6"/>
  <testcase name="CatEditConsult" time="314.623" classname="com.lrn.cat.tc.EditConsultTemplateTC"/>
  <testcase name="CatAddPage" time="14.841" classname="com.lrn.cat.tc.AddPageTC7"/>
  <testcase name="CatEditVideoTemplate" time="394.89" classname="com.lrn.cat.tc.EditVideoTemplateTC"/>
  <testcase name="CatAddPage" time="15.001" classname="com.lrn.cat.tc.AddPageTC8"/>
  <testcase name="SidebarPageTC" time="133.838" classname="com.lrn.cat.tc.SidebarTemplateTC"/>
  <testcase name="CatAddLesson" time="13.533" classname="com.lrn.cat.tc.AddLessonTC2"/>
  <testcase name="CatAddPage" time="14.968" classname="com.lrn.cat.tc.AddPageTC9"/>
  <testcase name="CatEditDragAndDropTemplate" time="309.994" classname="com.lrn.cat.tc.EditDragAndDropTemplateTC"/>
  <testcase name="CatAddPage" time="15.0" classname="com.lrn.cat.tc.AddPageTC10"/>
  <testcase name="SelectableImagePageTC" time="371.437" classname="com.lrn.cat.tc.SelectableImageTC"/>
  <testcase name="CatAddPage" time="15.054" classname="com.lrn.cat.tc.AddPageTC11"/>
  <testcase name="CatEditMultipleScenarioTemplateTC" time="737.771" classname="com.lrn.cat.tc.EditMultipleScenarioTemplateTC"/>
  <testcase name="CatAddPage" time="14.867" classname="com.lrn.cat.tc.AddPageTC12"/>
  <testcase name="CatEditSelectAndRevealTemplate" time="462.822" classname="com.lrn.cat.tc.EditSelectAndRevealTemplateTC"/>
  <testcase name="CatCreateTestOutLesson" time="562.363" classname="com.lrn.cat.tc.CreateTestOutLessonTC"/>
  <testcase name="CatCreateBranchingLesson" time="177.257" classname="com.lrn.cat.tc.CreateBranchingLessonTC"/>
  <testcase name="CatLockPage" time="35.288" classname="com.lrn.cat.tc.LockPageTC"/>
  <testcase name="CatLockPage" time="1.33" classname="com.lrn.cat.tc.UnlockPageTC"/>
  <testcase name="CatHidePage" time="36.166" classname="com.lrn.cat.tc.HidePageTC"/>
  <testcase name="CatUnhidePage" time="21.314" classname="com.lrn.cat.tc.UnhidePageTC"/>
  <testcase name="CatCopyNode" time="31.441" classname="com.lrn.cat.tc.CopyNodeTC"/>
  <testcase name="CatPasteNode" time="12.606" classname="com.lrn.cat.tc.PasteNodeTC"/>
  <testcase name="CatDeletePage" time="37.928" classname="com.lrn.cat.tc.DeletePageTC"/>
  <testcase name="CatLandingPage" time="91.461" classname="com.lrn.cat.tc.LandingPageTC"/>
  <testcase name="CatEditCertificationTC" time="156.271" classname="com.lrn.cat.tc.EditCertificationTC"/>
  <testcase name="CATKnowledgeCheckTC" time="142.191" classname="com.lrn.cat.tc.KnowledgeCheckTC">
    <failure type="java.lang.NullPointerException">
      <![CDATA[java.lang.NullPointerException
	at com.lrn.cat.page.KnowledgeCheck.knowledgecheck(KnowledgeCheck.java:184)
	at com.lrn.cat.tc.KnowledgeCheckTC.CATKnowledgeCheckTC(KnowledgeCheckTC.java:13)
... Removed 24 stack frames]]>
    </failure>
  </testcase> <!-- CATKnowledgeCheckTC -->
  <testcase name="CATKCConifgTC" time="56.353" classname="com.lrn.cat.tc.KCConfigTC">
    <failure type="org.openqa.selenium.StaleElementReferenceException" message="stale element reference: element is not attached to the page document
  (Session info: chrome=59.0.3071.115)
  (Driver info: chromedriver=2.30.477700 (0057494ad8732195794a7b32078424f92a5fce41),platform=Windows NT 6.1.7601 SP1 x86_64) (WARNING: The server did not provide any stacktrace information)
Command duration or timeout: 33 milliseconds
For documentation on this error, please visit: http://seleniumhq.org/exceptions/stale_element_reference.html
Build info: version: &amp;apos;2.48.1&amp;apos;, revision: &amp;apos;d80083d8f7b0b0319976ef9712f7a2b531abaceb&amp;apos;, time: &amp;apos;2015-10-08 14:16:53&amp;apos;
System info: host: &amp;apos;WW7L4117&amp;apos;, ip: &amp;apos;10.1.91.68&amp;apos;, os.name: &amp;apos;Windows 7&amp;apos;, os.arch: &amp;apos;amd64&amp;apos;, os.version: &amp;apos;6.1&amp;apos;, java.version: &amp;apos;1.8.0_40&amp;apos;
Driver info: org.openqa.selenium.chrome.ChromeDriver
Capabilities [{applicationCacheEnabled=false, rotatable=false, mobileEmulationEnabled=false, networkConnectionEnabled=false, chrome={chromedriverVersion=2.30.477700 (0057494ad8732195794a7b32078424f92a5fce41), userDataDir=C:\Users\DSHOKO~1\AppData\Local\Temp\scoped_dir36912_24742}, takesHeapSnapshot=true, pageLoadStrategy=normal, databaseEnabled=false, handlesAlerts=true, hasTouchScreen=false, version=59.0.3071.115, platform=XP, browserConnectionEnabled=false, nativeEvents=true, acceptSslCerts=true, locationContextEnabled=true, webStorageEnabled=true, browserName=chrome, takesScreenshot=true, javascriptEnabled=true, cssSelectorsEnabled=true, unexpectedAlertBehaviour=}]
Session ID: 2d2a52370142660af7b2b33f781c4bf6">
      <![CDATA[org.openqa.selenium.StaleElementReferenceException: stale element reference: element is not attached to the page document
  (Session info: chrome=59.0.3071.115)
  (Driver info: chromedriver=2.30.477700 (0057494ad8732195794a7b32078424f92a5fce41),platform=Windows NT 6.1.7601 SP1 x86_64) (WARNING: The server did not provide any stacktrace information)
Command duration or timeout: 33 milliseconds
For documentation on this error, please visit: http://seleniumhq.org/exceptions/stale_element_reference.html
Build info: version: '2.48.1', revision: 'd80083d8f7b0b0319976ef9712f7a2b531abaceb', time: '2015-10-08 14:16:53'
System info: host: 'WW7L4117', ip: '10.1.91.68', os.name: 'Windows 7', os.arch: 'amd64', os.version: '6.1', java.version: '1.8.0_40'
Driver info: org.openqa.selenium.chrome.ChromeDriver
Capabilities [{applicationCacheEnabled=false, rotatable=false, mobileEmulationEnabled=false, networkConnectionEnabled=false, chrome={chromedriverVersion=2.30.477700 (0057494ad8732195794a7b32078424f92a5fce41), userDataDir=C:\Users\DSHOKO~1\AppData\Local\Temp\scoped_dir36912_24742}, takesHeapSnapshot=true, pageLoadStrategy=normal, databaseEnabled=false, handlesAlerts=true, hasTouchScreen=false, version=59.0.3071.115, platform=XP, browserConnectionEnabled=false, nativeEvents=true, acceptSslCerts=true, locationContextEnabled=true, webStorageEnabled=true, browserName=chrome, takesScreenshot=true, javascriptEnabled=true, cssSelectorsEnabled=true, unexpectedAlertBehaviour=}]
Session ID: 2d2a52370142660af7b2b33f781c4bf6
	at org.openqa.selenium.remote.ErrorHandler.createThrowable(ErrorHandler.java:206)
	at org.openqa.selenium.remote.ErrorHandler.throwIfResponseFailed(ErrorHandler.java:158)
	at org.openqa.selenium.remote.RemoteWebDriver.execute(RemoteWebDriver.java:647)
	at org.openqa.selenium.remote.RemoteWebElement.execute(RemoteWebElement.java:326)
	at org.openqa.selenium.remote.RemoteWebElement.getText(RemoteWebElement.java:178)
	at com.lrn.cat.page.KCConifg.knowledgecheckTab(KCConifg.java:229)
	at com.lrn.cat.tc.KCConfigTC.CATKCConifgTC(KCConfigTC.java:16)
... Removed 28 stack frames]]>
    </failure>
  </testcase> <!-- CATKCConifgTC -->
  <testcase name="CatTileMenu" time="222.68" classname="com.lrn.cat.tc.TileMenuTC"/>
  <testcase name="CatEditCourseFeatures" time="273.081" classname="com.lrn.cat.tc.CourseFeaturesTC"/>
  <testcase name="CatPublishCourse" time="65.687" classname="com.lrn.cat.tc.PublishCourseTC"/>
  <testcase name="CatLogicTC" time="5.144" classname="com.lrn.cat.tc.SearchCourseTC"/>
  <testcase name="CatEditGetStarted" time="20.811" classname="com.lrn.cat.tc.EditGetStartedTC"/>
  <testcase name="CatReorderNodes" time="78.641" classname="com.lrn.cat.tc.ReorderNodesTC"/>
  <testcase name="CatPreviewCourse" time="461.698" classname="com.lrn.cat.tc.PreviewCourseTC"/>
  <testcase name="CatExportToWord" time="28.525" classname="com.lrn.cat.tc.ExportToWordTC"/>
  <testcase name="CatPushToCDV" time="50.123" classname="com.lrn.cat.tc.PushToCDVTC"/>
  <testcase name="CatCloneCourse" time="49.076" classname="com.lrn.cat.tc.CloneCourseTC"/>
  <testcase name="CatDeleteCourse" time="14.113" classname="com.lrn.cat.tc.DeleteCourseTC"/>
  <testcase name="CatLogicTC" time="5.857" classname="com.lrn.cat.tc.LogoutTC"/>
</testsuite> <!-- SanityCheck -->
